<?xml version="1.0" encoding="UTF-8"?>
<!-- Generated by org.testng.reporters.JUnitReportReporter -->
<testsuite skipped="0" hostname="DESKTOP-ADGCHK6" name="scripts.TestNgGroup1" tests="3" failures="0" timestamp="2024-07-18T20:26:39 IST" time="0.045" errors="0">
  <testcase name="xyz" time="0.024" classname="scripts.TestNgGroup1"/>
  <system-out/>
  <testcase name="pqr" time="0.008" classname="scripts.TestNgGroup1"/>
  <system-out/>
  <testcase name="abc" time="0.013" classname="scripts.TestNgGroup1"/>
  <system-out/>
</testsuite> <!-- scripts.TestNgGroup1 -->
