<?xml version="1.0" encoding="UTF-8"?>
<!-- Generated by org.testng.reporters.JUnitReportReporter -->
<testsuite skipped="0" hostname="DESKTOP-ADGCHK6" name="scripts.SelGrid" tests="2" failures="0" timestamp="2024-07-30T21:09:04 IST" time="54.744" errors="0">
  <testcase name="Grid" time="30.328" classname="scripts.SelGrid"/>
  <system-out/>
  <testcase name="Grid" time="24.416" classname="scripts.SelGrid"/>
  <system-out/>
</testsuite> <!-- scripts.SelGrid -->
