<?xml version="1.0" encoding="UTF-8"?>
<!-- Generated by org.testng.reporters.JUnitReportReporter -->
<testsuite skipped="1" hostname="DESKTOP-ADGCHK6" name="scripts.SampleNG" tests="2" failures="0" timestamp="2024-07-15T20:26:29 IST" time="9.004" errors="0">
  <testcase name="abc" time="9.004" classname="scripts.SampleNG"/>
  <system-out/>
  <testcase name="bcd" classname="scripts.SampleNG">
    <skipped/>
  </testcase> <!-- bcd -->
  <system-out/>
</testsuite> <!-- scripts.SampleNG -->
