<?xml version="1.0" encoding="UTF-8"?>
<!-- Generated by org.testng.reporters.JUnitReportReporter -->
<testsuite skipped="0" hostname="DESKTOP-ADGCHK6" name="scripts.ExeOrangepom" tests="3" failures="0" timestamp="2024-07-19T21:03:32 IST" time="38.138" errors="0">
  <testcase name="OLogin" time="12.642" classname="scripts.ExeOrangepom"/>
  <system-out/>
  <testcase name="OLogin" time="12.633" classname="scripts.ExeOrangepom"/>
  <system-out/>
  <testcase name="OLogin" time="12.863" classname="scripts.ExeOrangepom"/>
  <system-out/>
</testsuite> <!-- scripts.ExeOrangepom -->
