<?xml version="1.0" encoding="UTF-8"?>
<!-- Generated by org.testng.reporters.JUnitReportReporter -->
<testsuite skipped="0" hostname="DESKTOP-ADGCHK6" name="scripts.LeaveLink" tests="1" failures="0" timestamp="2024-07-16T20:38:52 IST" time="7.271" errors="0">
  <testcase name="LeaveLnk" time="7.271" classname="scripts.LeaveLink"/>
  <system-out/>
</testsuite> <!-- scripts.LeaveLink -->
