<?xml version="1.0" encoding="UTF-8"?>
<!-- Generated by org.testng.reporters.JUnitReportReporter -->
<testsuite skipped="0" hostname="DESKTOP-ADGCHK6" name="scripts.SelGD" tests="2" failures="0" timestamp="2024-08-06T11:18:23 IST" time="33.152" errors="0">
  <testcase name="Grid" time="14.741" classname="scripts.SelGD"/>
  <system-out/>
  <testcase name="Grid" time="18.411" classname="scripts.SelGD"/>
  <system-out/>
</testsuite> <!-- scripts.SelGD -->
