<?xml version="1.0" encoding="UTF-8"?>
<!-- Generated by org.testng.reporters.JUnitReportReporter -->
<testsuite skipped="0" hostname="DESKTOP-ADGCHK6" name="scripts.TestNGGroup" tests="1" failures="0" timestamp="2024-07-18T20:26:39 IST" time="0.024" errors="0">
  <testcase name="abc" time="0.024" classname="scripts.TestNGGroup"/>
  <system-out/>
</testsuite> <!-- scripts.TestNGGroup -->
